<?xml version="1.0" encoding="UTF-8"?>
<!-- Generated by org.testng.reporters.JUnitReportReporter -->
<testsuite hostname="N-5CG428H09S" failures="0" tests="1" name="com.qa.testcases.WikiPage" time="13.173" errors="0" timestamp="2020-11-12T10:23:05 CST" skipped="0">
  <testcase classname="com.qa.testcases.WikiPage" name="createAcount" time="13.173"/>
  <system-out/>
</testsuite> <!-- com.qa.testcases.WikiPage -->
