<?xml version="1.0" encoding="UTF-8"?>
<!-- Generated by org.testng.reporters.JUnitReportReporter -->
<testsuite hostname="N-5CG428H09S" failures="0" tests="1" name="com.qa.testcases.WikiPage" time="8.085" errors="0" timestamp="2020-11-11T21:15:49 CST" skipped="0">
  <testcase classname="com.qa.testcases.WikiPage" name="createAcount" time="8.085"/>
  <system-out/>
</testsuite> <!-- com.qa.testcases.WikiPage -->
